[2026-04-10T06:45:20Z] Initializing Whisper SeniorTalk workspace
[2026-04-10T06:45:20Z] Workspace root: /home/saisai/AD_predict/whisper_seniortalk_finetune
[2026-04-10T06:45:20Z] Physical data root: /data/saisai/BAAI_SeniorTalk
[2026-04-10T06:45:20Z] data_link -> /data/saisai/BAAI_SeniorTalk
[2026-04-10T06:45:20Z] GPU status
0, NVIDIA GeForce RTX 4090, 24564 MiB, 24076 MiB
1, NVIDIA GeForce RTX 4090, 24564 MiB, 24078 MiB
[2026-04-10T06:45:21Z] Active Python: /home/saisai/miniconda3/envs/ad_env/bin/python
[2026-04-10T06:45:21Z] Active conda env: ad_env
{"missing": [{"package": "evaluate", "error": "No module named 'evaluate'"}, {"package": "jiwer", "error": "No module named 'jiwer'"}, {"package": "accelerate", "error": "No module named 'accelerate'"}, {"package": "peft", "error": "No module named 'peft'"}], "versions": {"transformers": "5.3.0", "datasets": "4.8.3", "librosa": "0.11.0", "soundfile": "0.13.1", "torch": "2.10.0+cu128", "huggingface_hub": "1.7.2"}, "hf_token_present": false}
[2026-04-10T06:45:27Z] Missing Python packages: evaluate jiwer accelerate peft
[2026-04-10T06:45:27Z] Installing missing dependencies into ad_env
Looking in indexes: https://mirrors.aliyun.com/pypi/simple/
Collecting evaluate
  Downloading https://mirrors.aliyun.com/pypi/packages/3e/af/3e990d8d4002bbc9342adb4facd59506e653da93b2417de0fa6027cb86b1/evaluate-0.4.6-py3-none-any.whl (84 kB)
Collecting jiwer
  Downloading https://mirrors.aliyun.com/pypi/packages/69/c9/172c525330c739a068c01050759a6f855ce16212db10a0359e690a03ac48/jiwer-4.0.0-py3-none-any.whl (23 kB)
Collecting accelerate
  Downloading https://mirrors.aliyun.com/pypi/packages/7e/46/02ac5e262d4af18054b3e922b2baedbb2a03289ee792162de60a865defc5/accelerate-1.13.0-py3-none-any.whl (383 kB)
Collecting peft
  Downloading https://mirrors.aliyun.com/pypi/packages/b3/14/b4e3f574acf349ae6f61f9c000a77f97a3b315b4bb6ad03791e79ae4a568/peft-0.18.1-py3-none-any.whl (556 kB)
     ━━━━━━━━━ 557.0/5… 724.1      0:00:00
               kB       kB/s              
Requirement already satisfied: datasets>=2.0.0 in /home/saisai/miniconda3/envs/ad_env/lib/python3.10/site-packages (from evaluate) (4.8.3)
Requirement already satisfied: numpy>=1.17 in /home/saisai/miniconda3/envs/ad_env/lib/python3.10/site-packages (from evaluate) (1.24.2)
Requirement already satisfied: dill in /home/saisai/miniconda3/envs/ad_env/lib/python3.10/site-packages (from evaluate) (0.4.1)
Requirement already satisfied: pandas in /home/saisai/miniconda3/envs/ad_env/lib/python3.10/site-packages (from evaluate) (1.5.3)
Requirement already satisfied: requests>=2.19.0 in /home/saisai/miniconda3/envs/ad_env/lib/python3.10/site-packages (from evaluate) (2.32.3)
Requirement already satisfied: tqdm>=4.62.1 in /home/saisai/miniconda3/envs/ad_env/lib/python3.10/site-packages (from evaluate) (4.67.3)
Requirement already satisfied: xxhash in /home/saisai/miniconda3/envs/ad_env/lib/python3.10/site-packages (from evaluate) (3.6.0)
Requirement already satisfied: multiprocess in /home/saisai/miniconda3/envs/ad_env/lib/python3.10/site-packages (from evaluate) (0.70.19)
Requirement already satisfied: fsspec>=2021.05.0 in /home/saisai/miniconda3/envs/ad_env/lib/python3.10/site-packages (from fsspec[http]>=2021.05.0->evaluate) (2026.2.0)
Requirement already satisfied: huggingface-hub>=0.7.0 in /home/saisai/miniconda3/envs/ad_env/lib/python3.10/site-packages (from evaluate) (1.7.2)
Requirement already satisfied: packaging in /home/saisai/miniconda3/envs/ad_env/lib/python3.10/site-packages (from evaluate) (23.1)
Requirement already satisfied: click>=8.1.8 in /home/saisai/miniconda3/envs/ad_env/lib/python3.10/site-packages (from jiwer) (8.3.1)
Collecting rapidfuzz>=3.9.7 (from jiwer)
  Downloading https://mirrors.aliyun.com/pypi/packages/95/ff/a42c9ce9f9e90ceb5b51136e0b8e8e6e5113ba0b45d986effbd671e7dddf/rapidfuzz-3.14.5-cp310-cp310-manylinux_2_27_x86_64.manylinux_2_28_x86_64.whl (3.2 MB)
     ━━━━━━━━━ 3.2/3.2  674.5      0:00:04
               MB       kB/s              
Requirement already satisfied: psutil in /home/saisai/miniconda3/envs/ad_env/lib/python3.10/site-packages (from accelerate) (5.9.1)
Requirement already satisfied: pyyaml in /home/saisai/miniconda3/envs/ad_env/lib/python3.10/site-packages (from accelerate) (6.0.3)
Requirement already satisfied: torch>=2.0.0 in /home/saisai/miniconda3/envs/ad_env/lib/python3.10/site-packages (from accelerate) (2.10.0)
Requirement already satisfied: safetensors>=0.4.3 in /home/saisai/miniconda3/envs/ad_env/lib/python3.10/site-packages (from accelerate) (0.7.0)
Requirement already satisfied: transformers in /home/saisai/miniconda3/envs/ad_env/lib/python3.10/site-packages (from peft) (5.3.0)
Requirement already satisfied: filelock in /home/saisai/miniconda3/envs/ad_env/lib/python3.10/site-packages (from datasets>=2.0.0->evaluate) (3.25.2)
Requirement already satisfied: pyarrow>=21.0.0 in /home/saisai/miniconda3/envs/ad_env/lib/python3.10/site-packages (from datasets>=2.0.0->evaluate) (23.0.1)
Requirement already satisfied: httpx<1.0.0 in /home/saisai/miniconda3/envs/ad_env/lib/python3.10/site-packages (from datasets>=2.0.0->evaluate) (0.28.1)
Requirement already satisfied: aiohttp!=4.0.0a0,!=4.0.0a1 in /home/saisai/miniconda3/envs/ad_env/lib/python3.10/site-packages (from fsspec[http]>=2021.05.0->evaluate) (3.13.3)
Requirement already satisfied: anyio in /home/saisai/miniconda3/envs/ad_env/lib/python3.10/site-packages (from httpx<1.0.0->datasets>=2.0.0->evaluate) (4.12.1)
Requirement already satisfied: certifi in /home/saisai/miniconda3/envs/ad_env/lib/python3.10/site-packages (from httpx<1.0.0->datasets>=2.0.0->evaluate) (2026.2.25)
Requirement already satisfied: httpcore==1.* in /home/saisai/miniconda3/envs/ad_env/lib/python3.10/site-packages (from httpx<1.0.0->datasets>=2.0.0->evaluate) (1.0.9)
Requirement already satisfied: idna in /home/saisai/miniconda3/envs/ad_env/lib/python3.10/site-packages (from httpx<1.0.0->datasets>=2.0.0->evaluate) (3.4)
Requirement already satisfied: h11>=0.16 in /home/saisai/miniconda3/envs/ad_env/lib/python3.10/site-packages (from httpcore==1.*->httpx<1.0.0->datasets>=2.0.0->evaluate) (0.16.0)
Requirement already satisfied: hf-xet<2.0.0,>=1.4.2 in /home/saisai/miniconda3/envs/ad_env/lib/python3.10/site-packages (from huggingface-hub>=0.7.0->evaluate) (1.4.2)
Requirement already satisfied: typer in /home/saisai/miniconda3/envs/ad_env/lib/python3.10/site-packages (from huggingface-hub>=0.7.0->evaluate) (0.24.1)
Requirement already satisfied: typing-extensions>=4.1.0 in /home/saisai/miniconda3/envs/ad_env/lib/python3.10/site-packages (from huggingface-hub>=0.7.0->evaluate) (4.15.0)
Requirement already satisfied: aiohappyeyeballs>=2.5.0 in /home/saisai/miniconda3/envs/ad_env/lib/python3.10/site-packages (from aiohttp!=4.0.0a0,!=4.0.0a1->fsspec[http]>=2021.05.0->evaluate) (2.6.1)
Requirement already satisfied: aiosignal>=1.4.0 in /home/saisai/miniconda3/envs/ad_env/lib/python3.10/site-packages (from aiohttp!=4.0.0a0,!=4.0.0a1->fsspec[http]>=2021.05.0->evaluate) (1.4.0)
Requirement already satisfied: async-timeout<6.0,>=4.0 in /home/saisai/miniconda3/envs/ad_env/lib/python3.10/site-packages (from aiohttp!=4.0.0a0,!=4.0.0a1->fsspec[http]>=2021.05.0->evaluate) (5.0.1)
Requirement already satisfied: attrs>=17.3.0 in /home/saisai/miniconda3/envs/ad_env/lib/python3.10/site-packages (from aiohttp!=4.0.0a0,!=4.0.0a1->fsspec[http]>=2021.05.0->evaluate) (26.1.0)
Requirement already satisfied: frozenlist>=1.1.1 in /home/saisai/miniconda3/envs/ad_env/lib/python3.10/site-packages (from aiohttp!=4.0.0a0,!=4.0.0a1->fsspec[http]>=2021.05.0->evaluate) (1.8.0)
Requirement already satisfied: multidict<7.0,>=4.5 in /home/saisai/miniconda3/envs/ad_env/lib/python3.10/site-packages (from aiohttp!=4.0.0a0,!=4.0.0a1->fsspec[http]>=2021.05.0->evaluate) (6.7.1)
Requirement already satisfied: propcache>=0.2.0 in /home/saisai/miniconda3/envs/ad_env/lib/python3.10/site-packages (from aiohttp!=4.0.0a0,!=4.0.0a1->fsspec[http]>=2021.05.0->evaluate) (0.4.1)
Requirement already satisfied: yarl<2.0,>=1.17.0 in /home/saisai/miniconda3/envs/ad_env/lib/python3.10/site-packages (from aiohttp!=4.0.0a0,!=4.0.0a1->fsspec[http]>=2021.05.0->evaluate) (1.23.0)
Requirement already satisfied: charset-normalizer<4,>=2 in /home/saisai/miniconda3/envs/ad_env/lib/python3.10/site-packages (from requests>=2.19.0->evaluate) (3.1.0)
Requirement already satisfied: urllib3<3,>=1.21.1 in /home/saisai/miniconda3/envs/ad_env/lib/python3.10/site-packages (from requests>=2.19.0->evaluate) (2.2.3)
Requirement already satisfied: sympy>=1.13.3 in /home/saisai/miniconda3/envs/ad_env/lib/python3.10/site-packages (from torch>=2.0.0->accelerate) (1.14.0)
Requirement already satisfied: networkx>=2.5.1 in /home/saisai/miniconda3/envs/ad_env/lib/python3.10/site-packages (from torch>=2.0.0->accelerate) (3.4.2)
Requirement already satisfied: jinja2 in /home/saisai/miniconda3/envs/ad_env/lib/python3.10/site-packages (from torch>=2.0.0->accelerate) (3.1.6)
Requirement already satisfied: cuda-bindings==12.9.4 in /home/saisai/miniconda3/envs/ad_env/lib/python3.10/site-packages (from torch>=2.0.0->accelerate) (12.9.4)
Requirement already satisfied: nvidia-cuda-nvrtc-cu12==12.8.93 in /home/saisai/miniconda3/envs/ad_env/lib/python3.10/site-packages (from torch>=2.0.0->accelerate) (12.8.93)
Requirement already satisfied: nvidia-cuda-runtime-cu12==12.8.90 in /home/saisai/miniconda3/envs/ad_env/lib/python3.10/site-packages (from torch>=2.0.0->accelerate) (12.8.90)
Requirement already satisfied: nvidia-cuda-cupti-cu12==12.8.90 in /home/saisai/miniconda3/envs/ad_env/lib/python3.10/site-packages (from torch>=2.0.0->accelerate) (12.8.90)
Requirement already satisfied: nvidia-cudnn-cu12==9.10.2.21 in /home/saisai/miniconda3/envs/ad_env/lib/python3.10/site-packages (from torch>=2.0.0->accelerate) (9.10.2.21)
Requirement already satisfied: nvidia-cublas-cu12==12.8.4.1 in /home/saisai/miniconda3/envs/ad_env/lib/python3.10/site-packages (from torch>=2.0.0->accelerate) (12.8.4.1)
Requirement already satisfied: nvidia-cufft-cu12==11.3.3.83 in /home/saisai/miniconda3/envs/ad_env/lib/python3.10/site-packages (from torch>=2.0.0->accelerate) (11.3.3.83)
Requirement already satisfied: nvidia-curand-cu12==10.3.9.90 in /home/saisai/miniconda3/envs/ad_env/lib/python3.10/site-packages (from torch>=2.0.0->accelerate) (10.3.9.90)
Requirement already satisfied: nvidia-cusolver-cu12==11.7.3.90 in /home/saisai/miniconda3/envs/ad_env/lib/python3.10/site-packages (from torch>=2.0.0->accelerate) (11.7.3.90)
Requirement already satisfied: nvidia-cusparse-cu12==12.5.8.93 in /home/saisai/miniconda3/envs/ad_env/lib/python3.10/site-packages (from torch>=2.0.0->accelerate) (12.5.8.93)
Requirement already satisfied: nvidia-cusparselt-cu12==0.7.1 in /home/saisai/miniconda3/envs/ad_env/lib/python3.10/site-packages (from torch>=2.0.0->accelerate) (0.7.1)
Requirement already satisfied: nvidia-nccl-cu12==2.27.5 in /home/saisai/miniconda3/envs/ad_env/lib/python3.10/site-packages (from torch>=2.0.0->accelerate) (2.27.5)
Requirement already satisfied: nvidia-nvshmem-cu12==3.4.5 in /home/saisai/miniconda3/envs/ad_env/lib/python3.10/site-packages (from torch>=2.0.0->accelerate) (3.4.5)
Requirement already satisfied: nvidia-nvtx-cu12==12.8.90 in /home/saisai/miniconda3/envs/ad_env/lib/python3.10/site-packages (from torch>=2.0.0->accelerate) (12.8.90)
Requirement already satisfied: nvidia-nvjitlink-cu12==12.8.93 in /home/saisai/miniconda3/envs/ad_env/lib/python3.10/site-packages (from torch>=2.0.0->accelerate) (12.8.93)
Requirement already satisfied: nvidia-cufile-cu12==1.13.1.3 in /home/saisai/miniconda3/envs/ad_env/lib/python3.10/site-packages (from torch>=2.0.0->accelerate) (1.13.1.3)
Requirement already satisfied: triton==3.6.0 in /home/saisai/miniconda3/envs/ad_env/lib/python3.10/site-packages (from torch>=2.0.0->accelerate) (3.6.0)
Requirement already satisfied: cuda-pathfinder~=1.1 in /home/saisai/miniconda3/envs/ad_env/lib/python3.10/site-packages (from cuda-bindings==12.9.4->torch>=2.0.0->accelerate) (1.4.3)
Requirement already satisfied: mpmath<1.4,>=1.1.0 in /home/saisai/miniconda3/envs/ad_env/lib/python3.10/site-packages (from sympy>=1.13.3->torch>=2.0.0->accelerate) (1.3.0)
Requirement already satisfied: exceptiongroup>=1.0.2 in /home/saisai/miniconda3/envs/ad_env/lib/python3.10/site-packages (from anyio->httpx<1.0.0->datasets>=2.0.0->evaluate) (1.1.1)
Requirement already satisfied: MarkupSafe>=2.0 in /home/saisai/miniconda3/envs/ad_env/lib/python3.10/site-packages (from jinja2->torch>=2.0.0->accelerate) (2.1.1)
Requirement already satisfied: python-dateutil>=2.8.1 in /home/saisai/miniconda3/envs/ad_env/lib/python3.10/site-packages (from pandas->evaluate) (2.8.2)
Requirement already satisfied: pytz>=2020.1 in /home/saisai/miniconda3/envs/ad_env/lib/python3.10/site-packages (from pandas->evaluate) (2023.3)
Requirement already satisfied: six>=1.5 in /home/saisai/miniconda3/envs/ad_env/lib/python3.10/site-packages (from python-dateutil>=2.8.1->pandas->evaluate) (1.16.0)
Requirement already satisfied: regex!=2019.12.17 in /home/saisai/miniconda3/envs/ad_env/lib/python3.10/site-packages (from transformers->peft) (2026.2.28)
Requirement already satisfied: tokenizers<=0.23.0,>=0.22.0 in /home/saisai/miniconda3/envs/ad_env/lib/python3.10/site-packages (from transformers->peft) (0.22.2)
Requirement already satisfied: shellingham>=1.3.0 in /home/saisai/miniconda3/envs/ad_env/lib/python3.10/site-packages (from typer->huggingface-hub>=0.7.0->evaluate) (1.5.4)
Requirement already satisfied: rich>=12.3.0 in /home/saisai/miniconda3/envs/ad_env/lib/python3.10/site-packages (from typer->huggingface-hub>=0.7.0->evaluate) (14.3.3)
Requirement already satisfied: annotated-doc>=0.0.2 in /home/saisai/miniconda3/envs/ad_env/lib/python3.10/site-packages (from typer->huggingface-hub>=0.7.0->evaluate) (0.0.4)
Requirement already satisfied: markdown-it-py>=2.2.0 in /home/saisai/miniconda3/envs/ad_env/lib/python3.10/site-packages (from rich>=12.3.0->typer->huggingface-hub>=0.7.0->evaluate) (4.0.0)
Requirement already satisfied: pygments<3.0.0,>=2.13.0 in /home/saisai/miniconda3/envs/ad_env/lib/python3.10/site-packages (from rich>=12.3.0->typer->huggingface-hub>=0.7.0->evaluate) (2.19.2)
Requirement already satisfied: mdurl~=0.1 in /home/saisai/miniconda3/envs/ad_env/lib/python3.10/site-packages (from markdown-it-py>=2.2.0->rich>=12.3.0->typer->huggingface-hub>=0.7.0->evaluate) (0.1.2)
Installing collected packages: rapidfuzz, jiwer, accelerate, evaluate, peft

Successfully installed accelerate-1.13.0 evaluate-0.4.6 jiwer-4.0.0 peft-0.18.1 rapidfuzz-3.14.5
Traceback (most recent call last):
  File "<stdin>", line 23, in <module>
ImportError: cannot import name 'HfFolder' from 'huggingface_hub' (/home/saisai/miniconda3/envs/ad_env/lib/python3.10/site-packages/huggingface_hub/__init__.py)
[2026-04-10T06:46:49Z] Initializing Whisper SeniorTalk workspace
[2026-04-10T06:46:49Z] Workspace root: /home/saisai/AD_predict/whisper_seniortalk_finetune
[2026-04-10T06:46:49Z] Physical data root: /data/saisai/BAAI_SeniorTalk
[2026-04-10T06:46:49Z] data_link -> /data/saisai/BAAI_SeniorTalk
[2026-04-10T06:46:49Z] GPU status
0, NVIDIA GeForce RTX 4090, 24564 MiB, 24076 MiB
1, NVIDIA GeForce RTX 4090, 24564 MiB, 24078 MiB
[2026-04-10T06:46:50Z] Active Python: /home/saisai/miniconda3/envs/ad_env/bin/python
[2026-04-10T06:46:50Z] Active conda env: ad_env
{"missing": [{"package": "transformers", "error": "cannot import name 'is_offline_mode' from 'huggingface_hub' (/home/saisai/miniconda3/envs/ad_env/lib/python3.10/site-packages/huggingface_hub/__init__.py)"}, {"package": "peft", "error": "cannot import name 'is_offline_mode' from 'huggingface_hub' (/home/saisai/miniconda3/envs/ad_env/lib/python3.10/site-packages/huggingface_hub/__init__.py)"}], "versions": {"datasets": "4.8.3", "librosa": "0.11.0", "soundfile": "0.13.1", "evaluate": "0.4.6", "jiwer": "unknown", "accelerate": "1.13.0", "torch": "2.10.0+cu128", "huggingface_hub": "0.22.2"}, "hf_token_present": true}
[2026-04-10T06:46:57Z] Missing Python packages: transformers peft
[2026-04-10T06:46:57Z] Installing missing dependencies into ad_env
Looking in indexes: https://mirrors.aliyun.com/pypi/simple/
Requirement already satisfied: transformers in /home/saisai/miniconda3/envs/ad_env/lib/python3.10/site-packages (5.3.0)
Collecting transformers
  Downloading https://mirrors.aliyun.com/pypi/packages/a1/0b/f8524551ab2d896dfaca74ddb70a4453d515bbf4ab5451c100c7788ae155/transformers-5.5.3-py3-none-any.whl (10.2 MB)
     ━━━━━━━━━ 10.2/10.2 1.8 MB/s  0:00:05
               MB                         
Requirement already satisfied: peft in /home/saisai/miniconda3/envs/ad_env/lib/python3.10/site-packages (0.18.1)
Collecting huggingface-hub<2.0,>=1.5.0 (from transformers)
  Downloading https://mirrors.aliyun.com/pypi/packages/83/8c/c7a33f3efaa8d6a5bc40e012e5ecc2d72c2e6124550ca9085fe0ceed9993/huggingface_hub-1.10.1-py3-none-any.whl (642 kB)
     ━━━━━━━━━ 642.6/64… 2.4 MB/s  0:00:00
               kB                         
Requirement already satisfied: numpy>=1.17 in /home/saisai/miniconda3/envs/ad_env/lib/python3.10/site-packages (from transformers) (1.24.2)
Requirement already satisfied: packaging>=20.0 in /home/saisai/miniconda3/envs/ad_env/lib/python3.10/site-packages (from transformers) (23.1)
Requirement already satisfied: pyyaml>=5.1 in /home/saisai/miniconda3/envs/ad_env/lib/python3.10/site-packages (from transformers) (6.0.3)
Requirement already satisfied: regex>=2025.10.22 in /home/saisai/miniconda3/envs/ad_env/lib/python3.10/site-packages (from transformers) (2026.2.28)
Requirement already satisfied: tokenizers<=0.23.0,>=0.22.0 in /home/saisai/miniconda3/envs/ad_env/lib/python3.10/site-packages (from transformers) (0.22.2)
Requirement already satisfied: typer in /home/saisai/miniconda3/envs/ad_env/lib/python3.10/site-packages (from transformers) (0.24.1)
Requirement already satisfied: safetensors>=0.4.3 in /home/saisai/miniconda3/envs/ad_env/lib/python3.10/site-packages (from transformers) (0.7.0)
Requirement already satisfied: tqdm>=4.27 in /home/saisai/miniconda3/envs/ad_env/lib/python3.10/site-packages (from transformers) (4.67.3)
Requirement already satisfied: filelock>=3.10.0 in /home/saisai/miniconda3/envs/ad_env/lib/python3.10/site-packages (from huggingface-hub<2.0,>=1.5.0->transformers) (3.25.2)
Requirement already satisfied: fsspec>=2023.5.0 in /home/saisai/miniconda3/envs/ad_env/lib/python3.10/site-packages (from huggingface-hub<2.0,>=1.5.0->transformers) (2026.2.0)
Collecting hf-xet<2.0.0,>=1.4.3 (from huggingface-hub<2.0,>=1.5.0->transformers)
  Downloading https://mirrors.aliyun.com/pypi/packages/df/9a/a24b26dc8a65f0ecc0fe5be981a19e61e7ca963b85e062c083f3a9100529/hf_xet-1.4.3-cp37-abi3-manylinux2014_x86_64.manylinux_2_17_x86_64.whl (4.2 MB)
     ━━━━━━━━━ 4.2/4.2   3.2 MB/s  0:00:01
               MB                         
Requirement already satisfied: httpx<1,>=0.23.0 in /home/saisai/miniconda3/envs/ad_env/lib/python3.10/site-packages (from huggingface-hub<2.0,>=1.5.0->transformers) (0.28.1)
Requirement already satisfied: typing-extensions>=4.1.0 in /home/saisai/miniconda3/envs/ad_env/lib/python3.10/site-packages (from huggingface-hub<2.0,>=1.5.0->transformers) (4.15.0)
Requirement already satisfied: anyio in /home/saisai/miniconda3/envs/ad_env/lib/python3.10/site-packages (from httpx<1,>=0.23.0->huggingface-hub<2.0,>=1.5.0->transformers) (4.12.1)
Requirement already satisfied: certifi in /home/saisai/miniconda3/envs/ad_env/lib/python3.10/site-packages (from httpx<1,>=0.23.0->huggingface-hub<2.0,>=1.5.0->transformers) (2026.2.25)
Requirement already satisfied: httpcore==1.* in /home/saisai/miniconda3/envs/ad_env/lib/python3.10/site-packages (from httpx<1,>=0.23.0->huggingface-hub<2.0,>=1.5.0->transformers) (1.0.9)
Requirement already satisfied: idna in /home/saisai/miniconda3/envs/ad_env/lib/python3.10/site-packages (from httpx<1,>=0.23.0->huggingface-hub<2.0,>=1.5.0->transformers) (3.4)
Requirement already satisfied: h11>=0.16 in /home/saisai/miniconda3/envs/ad_env/lib/python3.10/site-packages (from httpcore==1.*->httpx<1,>=0.23.0->huggingface-hub<2.0,>=1.5.0->transformers) (0.16.0)
Requirement already satisfied: psutil in /home/saisai/miniconda3/envs/ad_env/lib/python3.10/site-packages (from peft) (5.9.1)
Requirement already satisfied: torch>=1.13.0 in /home/saisai/miniconda3/envs/ad_env/lib/python3.10/site-packages (from peft) (2.10.0)
Requirement already satisfied: accelerate>=0.21.0 in /home/saisai/miniconda3/envs/ad_env/lib/python3.10/site-packages (from peft) (1.13.0)
Requirement already satisfied: sympy>=1.13.3 in /home/saisai/miniconda3/envs/ad_env/lib/python3.10/site-packages (from torch>=1.13.0->peft) (1.14.0)
Requirement already satisfied: networkx>=2.5.1 in /home/saisai/miniconda3/envs/ad_env/lib/python3.10/site-packages (from torch>=1.13.0->peft) (3.4.2)
Requirement already satisfied: jinja2 in /home/saisai/miniconda3/envs/ad_env/lib/python3.10/site-packages (from torch>=1.13.0->peft) (3.1.6)
Requirement already satisfied: cuda-bindings==12.9.4 in /home/saisai/miniconda3/envs/ad_env/lib/python3.10/site-packages (from torch>=1.13.0->peft) (12.9.4)
Requirement already satisfied: nvidia-cuda-nvrtc-cu12==12.8.93 in /home/saisai/miniconda3/envs/ad_env/lib/python3.10/site-packages (from torch>=1.13.0->peft) (12.8.93)
Requirement already satisfied: nvidia-cuda-runtime-cu12==12.8.90 in /home/saisai/miniconda3/envs/ad_env/lib/python3.10/site-packages (from torch>=1.13.0->peft) (12.8.90)
Requirement already satisfied: nvidia-cuda-cupti-cu12==12.8.90 in /home/saisai/miniconda3/envs/ad_env/lib/python3.10/site-packages (from torch>=1.13.0->peft) (12.8.90)
Requirement already satisfied: nvidia-cudnn-cu12==9.10.2.21 in /home/saisai/miniconda3/envs/ad_env/lib/python3.10/site-packages (from torch>=1.13.0->peft) (9.10.2.21)
Requirement already satisfied: nvidia-cublas-cu12==12.8.4.1 in /home/saisai/miniconda3/envs/ad_env/lib/python3.10/site-packages (from torch>=1.13.0->peft) (12.8.4.1)
Requirement already satisfied: nvidia-cufft-cu12==11.3.3.83 in /home/saisai/miniconda3/envs/ad_env/lib/python3.10/site-packages (from torch>=1.13.0->peft) (11.3.3.83)
Requirement already satisfied: nvidia-curand-cu12==10.3.9.90 in /home/saisai/miniconda3/envs/ad_env/lib/python3.10/site-packages (from torch>=1.13.0->peft) (10.3.9.90)
Requirement already satisfied: nvidia-cusolver-cu12==11.7.3.90 in /home/saisai/miniconda3/envs/ad_env/lib/python3.10/site-packages (from torch>=1.13.0->peft) (11.7.3.90)
Requirement already satisfied: nvidia-cusparse-cu12==12.5.8.93 in /home/saisai/miniconda3/envs/ad_env/lib/python3.10/site-packages (from torch>=1.13.0->peft) (12.5.8.93)
Requirement already satisfied: nvidia-cusparselt-cu12==0.7.1 in /home/saisai/miniconda3/envs/ad_env/lib/python3.10/site-packages (from torch>=1.13.0->peft) (0.7.1)
Requirement already satisfied: nvidia-nccl-cu12==2.27.5 in /home/saisai/miniconda3/envs/ad_env/lib/python3.10/site-packages (from torch>=1.13.0->peft) (2.27.5)
Requirement already satisfied: nvidia-nvshmem-cu12==3.4.5 in /home/saisai/miniconda3/envs/ad_env/lib/python3.10/site-packages (from torch>=1.13.0->peft) (3.4.5)
Requirement already satisfied: nvidia-nvtx-cu12==12.8.90 in /home/saisai/miniconda3/envs/ad_env/lib/python3.10/site-packages (from torch>=1.13.0->peft) (12.8.90)
Requirement already satisfied: nvidia-nvjitlink-cu12==12.8.93 in /home/saisai/miniconda3/envs/ad_env/lib/python3.10/site-packages (from torch>=1.13.0->peft) (12.8.93)
Requirement already satisfied: nvidia-cufile-cu12==1.13.1.3 in /home/saisai/miniconda3/envs/ad_env/lib/python3.10/site-packages (from torch>=1.13.0->peft) (1.13.1.3)
Requirement already satisfied: triton==3.6.0 in /home/saisai/miniconda3/envs/ad_env/lib/python3.10/site-packages (from torch>=1.13.0->peft) (3.6.0)
Requirement already satisfied: cuda-pathfinder~=1.1 in /home/saisai/miniconda3/envs/ad_env/lib/python3.10/site-packages (from cuda-bindings==12.9.4->torch>=1.13.0->peft) (1.4.3)
Requirement already satisfied: mpmath<1.4,>=1.1.0 in /home/saisai/miniconda3/envs/ad_env/lib/python3.10/site-packages (from sympy>=1.13.3->torch>=1.13.0->peft) (1.3.0)
Requirement already satisfied: exceptiongroup>=1.0.2 in /home/saisai/miniconda3/envs/ad_env/lib/python3.10/site-packages (from anyio->httpx<1,>=0.23.0->huggingface-hub<2.0,>=1.5.0->transformers) (1.1.1)
Requirement already satisfied: MarkupSafe>=2.0 in /home/saisai/miniconda3/envs/ad_env/lib/python3.10/site-packages (from jinja2->torch>=1.13.0->peft) (2.1.1)
Requirement already satisfied: click>=8.2.1 in /home/saisai/miniconda3/envs/ad_env/lib/python3.10/site-packages (from typer->transformers) (8.3.1)
Requirement already satisfied: shellingham>=1.3.0 in /home/saisai/miniconda3/envs/ad_env/lib/python3.10/site-packages (from typer->transformers) (1.5.4)
Requirement already satisfied: rich>=12.3.0 in /home/saisai/miniconda3/envs/ad_env/lib/python3.10/site-packages (from typer->transformers) (14.3.3)
Requirement already satisfied: annotated-doc>=0.0.2 in /home/saisai/miniconda3/envs/ad_env/lib/python3.10/site-packages (from typer->transformers) (0.0.4)
Requirement already satisfied: markdown-it-py>=2.2.0 in /home/saisai/miniconda3/envs/ad_env/lib/python3.10/site-packages (from rich>=12.3.0->typer->transformers) (4.0.0)
Requirement already satisfied: pygments<3.0.0,>=2.13.0 in /home/saisai/miniconda3/envs/ad_env/lib/python3.10/site-packages (from rich>=12.3.0->typer->transformers) (2.19.2)
Requirement already satisfied: mdurl~=0.1 in /home/saisai/miniconda3/envs/ad_env/lib/python3.10/site-packages (from markdown-it-py>=2.2.0->rich>=12.3.0->typer->transformers) (0.1.2)
Installing collected packages: hf-xet, huggingface-hub, transformers
  Attempting uninstall: hf-xet
    Found existing installation: hf-xet 1.4.2
    Uninstalling hf-xet-1.4.2:
      Successfully uninstalled hf-xet-1.4.2
  Attempting uninstall: huggingface-hub
    Found existing installation: huggingface-hub 0.22.2
    Uninstalling huggingface-hub-0.22.2:
      Successfully uninstalled huggingface-hub-0.22.2
  Attempting uninstall: transformers
    Found existing installation: transformers 5.3.0
    Uninstalling transformers-5.3.0:
      Successfully uninstalled transformers-5.3.0

Successfully installed hf-xet-1.4.3 huggingface-hub-1.10.1 transformers-5.5.3
Traceback (most recent call last):
  File "<stdin>", line 23, in <module>
ImportError: cannot import name 'HfFolder' from 'huggingface_hub' (/home/saisai/miniconda3/envs/ad_env/lib/python3.10/site-packages/huggingface_hub/__init__.py)
[2026-04-10T06:47:20Z] Initializing Whisper SeniorTalk workspace
[2026-04-10T06:47:20Z] Workspace root: /home/saisai/AD_predict/whisper_seniortalk_finetune
[2026-04-10T06:47:20Z] Physical data root: /data/saisai/BAAI_SeniorTalk
[2026-04-10T06:47:20Z] data_link -> /data/saisai/BAAI_SeniorTalk
[2026-04-10T06:47:20Z] GPU status
0, NVIDIA GeForce RTX 4090, 24564 MiB, 24076 MiB
1, NVIDIA GeForce RTX 4090, 24564 MiB, 24078 MiB
[2026-04-10T06:47:21Z] Active Python: /home/saisai/miniconda3/envs/ad_env/bin/python
[2026-04-10T06:47:21Z] Active conda env: ad_env
{"missing": [], "versions": {"transformers": "5.5.3", "datasets": "4.8.3", "librosa": "0.11.0", "soundfile": "0.13.1", "evaluate": "0.4.6", "jiwer": "unknown", "accelerate": "1.13.0", "peft": "0.18.1", "torch": "2.10.0+cu128", "huggingface_hub": "1.10.1"}, "hf_token_present": false}
Traceback (most recent call last):
  File "<stdin>", line 23, in <module>
ImportError: cannot import name 'HfFolder' from 'huggingface_hub' (/home/saisai/miniconda3/envs/ad_env/lib/python3.10/site-packages/huggingface_hub/__init__.py)
[2026-04-10T06:49:17Z] Initializing Whisper SeniorTalk workspace
[2026-04-10T06:49:17Z] Workspace root: /home/saisai/AD_predict/whisper_seniortalk_finetune
[2026-04-10T06:49:17Z] Physical data root: /data/saisai/BAAI_SeniorTalk
[2026-04-10T06:49:17Z] data_link -> /data/saisai/BAAI_SeniorTalk
[2026-04-10T06:49:17Z] GPU status
0, NVIDIA GeForce RTX 4090, 24564 MiB, 24076 MiB
1, NVIDIA GeForce RTX 4090, 24564 MiB, 24078 MiB
[2026-04-10T06:49:18Z] Active Python: /home/saisai/miniconda3/envs/ad_env/bin/python
[2026-04-10T06:49:18Z] Active conda env: ad_env
{"missing": [], "versions": {"transformers": "5.5.3", "datasets": "4.8.3", "librosa": "0.11.0", "soundfile": "0.13.1", "evaluate": "0.4.6", "jiwer": "unknown", "accelerate": "1.13.0", "peft": "0.18.1", "torch": "2.10.0+cu128", "huggingface_hub": "1.10.1"}, "hf_token_present": true}
{
  "transformers": "5.5.3",
  "datasets": "4.8.3",
  "librosa": "0.11.0",
  "soundfile": "0.13.1",
  "evaluate": "0.4.6",
  "jiwer": "unknown",
  "accelerate": "1.13.0",
  "peft": "0.18.1",
  "torch": "2.10.0+cu128",
  "huggingface_hub": "1.10.1",
  "hf_token_present": true
}
[2026-04-10T06:49:29Z] Workspace setup completed
[2026-04-10T07:35:38Z] Initializing Whisper SeniorTalk workspace
[2026-04-10T07:35:38Z] Workspace root: /home/saisai/AD_predict/whisper_seniortalk_finetune
[2026-04-10T07:35:38Z] Physical data root: /mnt/hdd/datasets/BAAI_SeniorTalk
mkdir: cannot create directory ‘/mnt/hdd’: Permission denied
mkdir: cannot create directory ‘/mnt/hdd’: Permission denied
mkdir: cannot create directory ‘/mnt/hdd’: Permission denied
mkdir: cannot create directory ‘/mnt/hdd’: Permission denied
mkdir: cannot create directory ‘/mnt/hdd’: Permission denied
mkdir: cannot create directory ‘/mnt/hdd’: Permission denied
[2026-04-10T07:36:43Z] Initializing Whisper SeniorTalk workspace
[2026-04-10T07:36:43Z] Workspace root: /home/saisai/AD_predict/whisper_seniortalk_finetune
[2026-04-10T07:36:43Z] Physical data root: /data/saisai/BAAI_SeniorTalk
[2026-04-10T07:36:43Z] data_link -> /data/saisai/BAAI_SeniorTalk
[2026-04-10T07:36:43Z] GPU status
0, NVIDIA GeForce RTX 4090, 24564 MiB, 24076 MiB
1, NVIDIA GeForce RTX 4090, 24564 MiB, 24078 MiB
[2026-04-10T07:36:44Z] Active Python: /home/saisai/miniconda3/envs/ad_env/bin/python
[2026-04-10T07:36:44Z] Active conda env: ad_env
{"missing": [], "versions": {"transformers": "5.5.3", "datasets": "4.8.3", "librosa": "0.11.0", "soundfile": "0.13.1", "evaluate": "0.4.6", "jiwer": "unknown", "accelerate": "1.13.0", "peft": "0.18.1", "torch": "2.10.0+cu128", "huggingface_hub": "1.10.1"}, "hf_token_present": true}
{
  "transformers": "5.5.3",
  "datasets": "4.8.3",
  "librosa": "0.11.0",
  "soundfile": "0.13.1",
  "evaluate": "0.4.6",
  "jiwer": "unknown",
  "accelerate": "1.13.0",
  "peft": "0.18.1",
  "torch": "2.10.0+cu128",
  "huggingface_hub": "1.10.1",
  "hf_token_present": true
}
[2026-04-10T07:36:57Z] Workspace setup completed
[2026-04-10T10:18:22Z] Initializing Whisper SeniorTalk workspace
[2026-04-10T10:18:22Z] Workspace root: /home/saisai/AD_predict/whisper_seniortalk_finetune
[2026-04-10T10:18:22Z] Physical data root: /data/saisai/BAAI_SeniorTalk
[2026-04-10T10:18:22Z] data_link -> /data/saisai/BAAI_SeniorTalk
[2026-04-10T10:18:22Z] GPU status
0, NVIDIA GeForce RTX 4090, 24564 MiB, 24076 MiB
1, NVIDIA GeForce RTX 4090, 24564 MiB, 24078 MiB
[2026-04-10T10:18:22Z] Active Python: /home/saisai/miniconda3/envs/ad_env/bin/python
[2026-04-10T10:18:22Z] Active conda env: ad_env
{"missing": [], "versions": {"transformers": "5.5.3", "datasets": "4.8.3", "librosa": "0.11.0", "soundfile": "0.13.1", "evaluate": "0.4.6", "jiwer": "unknown", "accelerate": "1.13.0", "peft": "0.18.1", "torch": "2.10.0+cu128", "huggingface_hub": "1.10.1"}, "hf_token_present": true}
{
  "transformers": "5.5.3",
  "datasets": "4.8.3",
  "librosa": "0.11.0",
  "soundfile": "0.13.1",
  "evaluate": "0.4.6",
  "jiwer": "unknown",
  "accelerate": "1.13.0",
  "peft": "0.18.1",
  "torch": "2.10.0+cu128",
  "huggingface_hub": "1.10.1",
  "hf_token_present": true
}
[2026-04-10T10:18:36Z] Workspace setup completed
[2026-04-10T12:40:59Z] Initializing Whisper SeniorTalk workspace
[2026-04-10T12:40:59Z] Workspace root: /home/saisai/AD_predict/whisper_seniortalk_finetune
[2026-04-10T12:40:59Z] Physical data root: /data/saisai/BAAI_SeniorTalk
[2026-04-10T12:40:59Z] data_link -> /data/saisai/BAAI_SeniorTalk
[2026-04-10T12:40:59Z] GPU status
0, NVIDIA GeForce RTX 4090, 24564 MiB, 24076 MiB
1, NVIDIA GeForce RTX 4090, 24564 MiB, 24078 MiB
[2026-04-10T12:40:59Z] Active Python: /home/saisai/miniconda3/envs/ad_env/bin/python
[2026-04-10T12:40:59Z] Active conda env: ad_env
{"missing": [], "versions": {"transformers": "5.5.3", "datasets": "4.8.3", "librosa": "0.11.0", "soundfile": "0.13.1", "evaluate": "0.4.6", "jiwer": "unknown", "accelerate": "1.13.0", "peft": "0.18.1", "torch": "2.10.0+cu128", "huggingface_hub": "1.10.1"}, "hf_token_present": true}
{
  "transformers": "5.5.3",
  "datasets": "4.8.3",
  "librosa": "0.11.0",
  "soundfile": "0.13.1",
  "evaluate": "0.4.6",
  "jiwer": "unknown",
  "accelerate": "1.13.0",
  "peft": "0.18.1",
  "torch": "2.10.0+cu128",
  "huggingface_hub": "1.10.1",
  "hf_token_present": true
}
[2026-04-10T12:41:10Z] Workspace setup completed
[2026-04-10T12:46:39Z] Initializing Whisper SeniorTalk workspace
[2026-04-10T12:46:39Z] Workspace root: /home/saisai/AD_predict/whisper_seniortalk_finetune
[2026-04-10T12:46:39Z] Physical data root: /data/saisai/BAAI_SeniorTalk
[2026-04-10T12:46:39Z] data_link -> /data/saisai/BAAI_SeniorTalk
[2026-04-10T12:46:39Z] GPU status
0, NVIDIA GeForce RTX 4090, 24564 MiB, 24076 MiB
1, NVIDIA GeForce RTX 4090, 24564 MiB, 24078 MiB
[2026-04-10T12:46:40Z] Active Python: /home/saisai/miniconda3/envs/ad_env/bin/python
[2026-04-10T12:46:40Z] Active conda env: ad_env
{"missing": [], "versions": {"transformers": "5.5.3", "datasets": "4.8.3", "librosa": "0.11.0", "soundfile": "0.13.1", "evaluate": "0.4.6", "jiwer": "unknown", "accelerate": "1.13.0", "peft": "0.18.1", "torch": "2.10.0+cu128", "huggingface_hub": "1.10.1"}, "hf_token_present": true}
{
  "transformers": "5.5.3",
  "datasets": "4.8.3",
  "librosa": "0.11.0",
  "soundfile": "0.13.1",
  "evaluate": "0.4.6",
  "jiwer": "unknown",
  "accelerate": "1.13.0",
  "peft": "0.18.1",
  "torch": "2.10.0+cu128",
  "huggingface_hub": "1.10.1",
  "hf_token_present": true
}
[2026-04-10T12:46:51Z] Workspace setup completed
[2026-04-10T12:54:05Z] Initializing Whisper SeniorTalk workspace
[2026-04-10T12:54:05Z] Workspace root: /home/saisai/AD_predict/whisper_seniortalk_finetune
[2026-04-10T12:54:05Z] Physical data root: /data/saisai/BAAI_SeniorTalk
[2026-04-10T12:54:05Z] data_link -> /data/saisai/BAAI_SeniorTalk
[2026-04-10T12:54:05Z] GPU status
0, NVIDIA GeForce RTX 4090, 24564 MiB, 24076 MiB
1, NVIDIA GeForce RTX 4090, 24564 MiB, 24078 MiB
[2026-04-10T12:54:05Z] Active Python: /home/saisai/miniconda3/envs/ad_env/bin/python
[2026-04-10T12:54:05Z] Active conda env: ad_env
{"missing": [], "versions": {"transformers": "5.5.3", "datasets": "4.8.3", "librosa": "0.11.0", "soundfile": "0.13.1", "evaluate": "0.4.6", "jiwer": "unknown", "accelerate": "1.13.0", "peft": "0.18.1", "torch": "2.10.0+cu128", "huggingface_hub": "1.10.1"}, "hf_token_present": true}
{
  "transformers": "5.5.3",
  "datasets": "4.8.3",
  "librosa": "0.11.0",
  "soundfile": "0.13.1",
  "evaluate": "0.4.6",
  "jiwer": "unknown",
  "accelerate": "1.13.0",
  "peft": "0.18.1",
  "torch": "2.10.0+cu128",
  "huggingface_hub": "1.10.1",
  "hf_token_present": true
}
[2026-04-10T12:54:17Z] Workspace setup completed
[2026-04-10T13:10:16Z] Initializing Whisper SeniorTalk workspace
[2026-04-10T13:10:16Z] Workspace root: /home/saisai/AD_predict/whisper_seniortalk_finetune
[2026-04-10T13:10:16Z] Physical data root: /data/saisai/BAAI_SeniorTalk
[2026-04-10T13:10:16Z] data_link -> /data/saisai/BAAI_SeniorTalk
[2026-04-10T13:10:16Z] GPU status
0, NVIDIA GeForce RTX 4090, 24564 MiB, 24076 MiB
1, NVIDIA GeForce RTX 4090, 24564 MiB, 24078 MiB
[2026-04-10T13:10:16Z] Active Python: /home/saisai/miniconda3/envs/ad_env/bin/python
[2026-04-10T13:10:17Z] Active conda env: ad_env
{"missing": [], "versions": {"transformers": "5.5.3", "datasets": "4.8.3", "librosa": "0.11.0", "soundfile": "0.13.1", "evaluate": "0.4.6", "jiwer": "unknown", "accelerate": "1.13.0", "peft": "0.18.1", "torch": "2.10.0+cu128", "huggingface_hub": "1.10.1"}, "hf_token_present": true}
{
  "transformers": "5.5.3",
  "datasets": "4.8.3",
  "librosa": "0.11.0",
  "soundfile": "0.13.1",
  "evaluate": "0.4.6",
  "jiwer": "unknown",
  "accelerate": "1.13.0",
  "peft": "0.18.1",
  "torch": "2.10.0+cu128",
  "huggingface_hub": "1.10.1",
  "hf_token_present": true
}
[2026-04-10T13:10:28Z] Workspace setup completed
