[?2004h(base) saisai@gpu:~/AD_predict/whisper_seniortalk_finetune$ set -Eeuo pipefail
[?2004l[?2004h(base) saisai@gpu:~/AD_predict/whisper_seniortalk_finetune$ echo "[START] $(date -u +%Y-%m-%dT%H:%M:%SZ)"
[?2004l[START] 2026-04-10T06:47:20Z
[?2004h(base) saisai@gpu:~/AD_predict/whisper_seniortalk_finetune$ echo "Workspace: /home/saisai/AD_predict/whisper_seniortalk_finetune"
[?2004lWorkspace: /home/saisai/AD_predict/whisper_seniortalk_finetune
[?2004h(base) saisai@gpu:~/AD_predict/whisper_seniortalk_finetune$ echo "Physical data root: /data/saisai/BAAI_SeniorTalk"
[?2004lPhysical data root: /data/saisai/BAAI_SeniorTalk
[?2004h(base) saisai@gpu:~/AD_predict/whisper_seniortalk_finetune$ echo "CUDA_VISIBLE_DEVICES: 0"
[?2004lCUDA_VISIBLE_DEVICES: 0
[?2004h(base) saisai@gpu:~/AD_predict/whisper_seniortalk_finetune$ source "/home/saisai/miniconda3/etc/profile.d/conda.sh"
[?2004l[?2004h(base) saisai@gpu:~/AD_predict/whisper_seniortalk_finetune$ conda activate "ad_env"
[?2004l[?2004h(ad_env) saisai@gpu:~/AD_predict/whisper_seniortalk_finetune$ export WORKSPACE_ROOT="/home/saisai/AD_predict/whisper_seniortalk_finetune"
[?2004l[?2004h(ad_env) saisai@gpu:~/AD_predict/whisper_seniortalk_finetune$ export PHYSICAL_DATA_ROOT="/data/saisai/BAAI_SeniorTalk"
[?2004l[?2004h(ad_env) saisai@gpu:~/AD_predict/whisper_seniortalk_finetune$ export CUDA_VISIBLE_DEVICES="0"
[?2004l[?2004h(ad_env) saisai@gpu:~/AD_predict/whisper_seniortalk_finetune$ export PYTHONUNBUFFERED=1
[?2004l[?2004h(ad_env) saisai@gpu:~/AD_predict/whisper_seniortalk_finetune$ nvidia-smi || true M[C[C[C[C[C[C[C[C[C[C[C[C[C[C[C[C[C[C[C[C[C[C[C[C[C[C[C[C[C[C[C[C[C[C[C[C[C[C[C[C[C[C[C[C[C[C[C[C[C[C[C[C[C[C[C[C[C[C[C[C[C[C[C[C[C[C[C[C[C[C[C[C[C[C[C[C[C[C[C[Ke
[?2004lFri Apr 10 06:47:20 2026       
+-----------------------------------------------------------------------------------------+
| NVIDIA-SMI 575.57.08              Driver Version: 575.57.08      CUDA Version: 12.9     |
|-----------------------------------------+------------------------+----------------------+
| GPU  Name                 Persistence-M | Bus-Id          Disp.A | Volatile Uncorr. ECC |
| Fan  Temp   Perf          Pwr:Usage/Cap |           Memory-Usage | GPU-Util  Compute M. |
|                                         |                        |               MIG M. |
|=========================================+========================+======================|
|   0  NVIDIA GeForce RTX 4090        On  |   00000000:3B:00.0 Off |                  Off |
|  0%   48C    P8             32W /  450W |       4MiB /  24564MiB |      0%      Default |
|                                         |                        |                  N/A |
+-----------------------------------------+------------------------+----------------------+
|   1  NVIDIA GeForce RTX 4090        On  |   00000000:5E:00.0 Off |                  Off |
|  0%   46C    P8             27W /  450W |       4MiB /  24564MiB |      0%      Default |
|                                         |                        |                  N/A |
+-----------------------------------------+------------------------+----------------------+
                                                                                         
+-----------------------------------------------------------------------------------------+
| Processes:                                                                              |
|  GPU   GI   CI              PID   Type   Process name                        GPU Memory |
|        ID   ID                                                               Usage      |
|=========================================================================================|
|  No running processes found                                                             |
+-----------------------------------------------------------------------------------------+
[?2004h(ad_env) saisai@gpu:~/AD_predict/whisper_seniortalk_finetune$ ./setup_workspace.sh --physical-data-root "/data/saisai/BAAI_SeniorTalk" 
[?2004l[2026-04-10T06:47:20Z] Initializing Whisper SeniorTalk workspace
[2026-04-10T06:47:20Z] Workspace root: /home/saisai/AD_predict/whisper_seniortalk_finetune
[2026-04-10T06:47:20Z] Physical data root: /data/saisai/BAAI_SeniorTalk
[2026-04-10T06:47:20Z] data_link -> /data/saisai/BAAI_SeniorTalk
[2026-04-10T06:47:20Z] GPU status
0, NVIDIA GeForce RTX 4090, 24564 MiB, 24076 MiB
1, NVIDIA GeForce RTX 4090, 24564 MiB, 24078 MiB
[2026-04-10T06:47:21Z] Active Python: /home/saisai/miniconda3/envs/ad_env/bin/python
[2026-04-10T06:47:21Z] Active conda env: ad_env
{"missing": [], "versions": {"transformers": "5.5.3", "datasets": "4.8.3", "librosa": "0.11.0", "soundfile": "0.13.1", "evaluate": "0.4.6", "jiwer": "unknown", "accelerate": "1.13.0", "peft": "0.18.1", "torch": "2.10.0+cu128", "huggingface_hub": "1.10.1"}, "hf_token_present": false}
Traceback (most recent call last):
  File "<stdin>", line 23, in <module>
ImportError: cannot import name 'HfFolder' from 'huggingface_hub' (/home/saisai/miniconda3/envs/ad_env/lib/python3.10/site-packages/huggingface_hub/__init__.py)
